00:00:04.655676 VirtualBox VM 6.0.6 r130049 win.amd64 (Apr 16 2019 10:52:04) release log
00:00:04.655695 Log opened 2019-05-13T09:58:40.505663800Z
00:00:04.655696 Build Type: release
00:00:04.655698 OS Product: Windows 10
00:00:04.655699 OS Release: 10.0.17763
00:00:04.655700 OS Service Pack: 
00:00:04.719967 DMI Product Name: OMEN by HP Laptop
00:00:04.725531 DMI Product Version: Type1ProductConfigId
00:00:04.725558 Host RAM: 8043MB (7.8GB) total, 3459MB (3.3GB) available
00:00:04.725561 Executable: C:\Program Files\Oracle\VirtualBox\VirtualBoxVM.exe
00:00:04.725561 Process ID: 7280
00:00:04.725561 Package type: WINDOWS_64BITS_GENERIC
00:00:04.726761 Installed Extension Packs:
00:00:04.726791   None installed!
00:00:04.727996 Console: Machine state changed to 'Starting'
00:00:04.728151 Qt version: 5.6.2
00:00:04.737689 GUI: UIMediumEnumerator: Medium-enumeration finished!
00:00:04.811950 SUP: Loaded VMMR0.r0 (C:\Program Files\Oracle\VirtualBox\VMMR0.r0) at 0xXXXXXXXXXXXXXXXX - ModuleInit at XXXXXXXXXXXXXXXX and ModuleTerm at XXXXXXXXXXXXXXXX using the native ring-0 loader
00:00:04.811967 SUP: VMMR0EntryEx located at XXXXXXXXXXXXXXXX and VMMR0EntryFast at XXXXXXXXXXXXXXXX
00:00:04.811971 SUP: windbg> .reload /f C:\Program Files\Oracle\VirtualBox\VMMR0.r0=0xXXXXXXXXXXXXXXXX
00:00:04.813893 Guest OS type: 'Debian'
00:00:04.818507 File system of 'D:\cours\iso\debian-9.9.0-amd64-netinst.iso' (DVD) is ntfs
00:00:04.820911 File system of 'D:\cours\devops\devops\Snapshots' (snapshots) is unknown
00:00:04.820920 File system of 'D:\cours\devops\devops\devops.vdi' is ntfs
00:00:04.836839 Shared clipboard service loaded
00:00:04.836849 Shared clipboard mode: Off
00:00:04.847329 Drag and drop service loaded
00:00:04.847357 Drag and drop mode: Off
00:00:04.849124 ************************* CFGM dump *************************
00:00:04.849125 [/] (level 0)
00:00:04.849128   CSAMEnabled       <integer> = 0x0000000000000001 (1)
00:00:04.849129   CpuExecutionCap   <integer> = 0x0000000000000064 (100)
00:00:04.849130   EnablePAE         <integer> = 0x0000000000000000 (0)
00:00:04.849131   HMEnabled         <integer> = 0x0000000000000001 (1)
00:00:04.849131   MemBalloonSize    <integer> = 0x0000000000000000 (0)
00:00:04.849132   Name              <string>  = "devops" (cb=7)
00:00:04.849133   NumCPUs           <integer> = 0x0000000000000001 (1)
00:00:04.849134   PATMEnabled       <integer> = 0x0000000000000001 (1)
00:00:04.849134   PageFusionAllowed <integer> = 0x0000000000000000 (0)
00:00:04.849135   RamHoleSize       <integer> = 0x0000000020000000 (536 870 912, 512 MB)
00:00:04.849136   RamSize           <integer> = 0x0000000040000000 (1 073 741 824, 1 024 MB)
00:00:04.849137   RawR0Enabled      <integer> = 0x0000000000000001 (1)
00:00:04.849138   RawR3Enabled      <integer> = 0x0000000000000001 (1)
00:00:04.849138   TimerMillies      <integer> = 0x000000000000000a (10)
00:00:04.849139   UUID              <bytes>   = "85 74 40 ea 50 2e 0b 4b 8c 98 ed 76 f3 38 50 70" (cb=16)
00:00:04.849153 
00:00:04.849153 [/CPUM/] (level 1)
00:00:04.849154   GuestCpuName       <string>  = "host" (cb=5)
00:00:04.849155   NestedHWVirt       <integer> = 0x0000000000000000 (0)
00:00:04.849156   PortableCpuIdLevel <integer> = 0x0000000000000000 (0)
00:00:04.849156   SpecCtrl           <integer> = 0x0000000000000000 (0)
00:00:04.849157 
00:00:04.849157 [/CPUM/IsaExts/] (level 2)
00:00:04.849158 
00:00:04.849158 [/DBGC/] (level 1)
00:00:04.849159   GlobalInitScript <string>  = "C:\Users\maelb\.VirtualBox/dbgc-init" (cb=37)
00:00:04.849159   HistoryFile      <string>  = "C:\Users\maelb\.VirtualBox/dbgc-history" (cb=40)
00:00:04.849160   LocalInitScript  <string>  = "D:\cours\devops\devops/dbgc-init" (cb=33)
00:00:04.849160 
00:00:04.849161 [/DBGF/] (level 1)
00:00:04.849161   Path <string>  = "D:\cours\devops\devops/debug/;D:\cours\devops\devops/;C:\Users\maelb\" (cb=70)
00:00:04.849162 
00:00:04.849162 [/Devices/] (level 1)
00:00:04.849162 
00:00:04.849163 [/Devices/8237A/] (level 2)
00:00:04.849163 
00:00:04.849163 [/Devices/8237A/0/] (level 3)
00:00:04.849164   Trusted <integer> = 0x0000000000000001 (1)
00:00:04.849165 
00:00:04.849165 [/Devices/GIMDev/] (level 2)
00:00:04.849166 
00:00:04.849166 [/Devices/GIMDev/0/] (level 3)
00:00:04.849167   Trusted <integer> = 0x0000000000000001 (1)
00:00:04.849167 
00:00:04.849167 [/Devices/VMMDev/] (level 2)
00:00:04.849168 
00:00:04.849168 [/Devices/VMMDev/0/] (level 3)
00:00:04.849169   PCIBusNo      <integer> = 0x0000000000000000 (0)
00:00:04.849170   PCIDeviceNo   <integer> = 0x0000000000000004 (4)
00:00:04.849170   PCIFunctionNo <integer> = 0x0000000000000000 (0)
00:00:04.849171   Trusted       <integer> = 0x0000000000000001 (1)
00:00:04.849172 
00:00:04.849172 [/Devices/VMMDev/0/Config/] (level 4)
00:00:04.849173   GuestCoreDumpDir <string>  = "D:\cours\devops\devops\Snapshots" (cb=33)
00:00:04.849173 
00:00:04.849173 [/Devices/VMMDev/0/LUN#0/] (level 4)
00:00:04.849174   Driver <string>  = "HGCM" (cb=5)
00:00:04.849175 
00:00:04.849175 [/Devices/VMMDev/0/LUN#0/Config/] (level 5)
00:00:04.849176   Object <integer> = 0x0000000007054a10 (117 787 152)
00:00:04.849177 
00:00:04.849177 [/Devices/VMMDev/0/LUN#999/] (level 4)
00:00:04.849178   Driver <string>  = "MainStatus" (cb=11)
00:00:04.849178 
00:00:04.849178 [/Devices/VMMDev/0/LUN#999/Config/] (level 5)
00:00:04.849179   First   <integer> = 0x0000000000000000 (0)
00:00:04.849180   Last    <integer> = 0x0000000000000000 (0)
00:00:04.849180   papLeds <integer> = 0x00000000025c5e28 (39 607 848)
00:00:04.849181 
00:00:04.849181 [/Devices/acpi/] (level 2)
00:00:04.849182 
00:00:04.849182 [/Devices/acpi/0/] (level 3)
00:00:04.849183   PCIBusNo      <integer> = 0x0000000000000000 (0)
00:00:04.849183   PCIDeviceNo   <integer> = 0x0000000000000007 (7)
00:00:04.849184   PCIFunctionNo <integer> = 0x0000000000000000 (0)
00:00:04.849184   Trusted       <integer> = 0x0000000000000001 (1)
00:00:04.849185 
00:00:04.849185 [/Devices/acpi/0/Config/] (level 4)
00:00:04.849186   CpuHotPlug          <integer> = 0x0000000000000000 (0)
00:00:04.849187   FdcEnabled          <integer> = 0x0000000000000000 (0)
00:00:04.849187   HostBusPciAddress   <integer> = 0x0000000000000000 (0)
00:00:04.849188   HpetEnabled         <integer> = 0x0000000000000000 (0)
00:00:04.849188   IOAPIC              <integer> = 0x0000000000000000 (0)
00:00:04.849189   IocPciAddress       <integer> = 0x0000000000010000 (65 536)
00:00:04.849190   NumCPUs             <integer> = 0x0000000000000001 (1)
00:00:04.849190   Parallel0IoPortBase <integer> = 0x0000000000000000 (0)
00:00:04.849191   Parallel0Irq        <integer> = 0x0000000000000000 (0)
00:00:04.849191   Parallel1IoPortBase <integer> = 0x0000000000000000 (0)
00:00:04.849213   Parallel1Irq        <integer> = 0x0000000000000000 (0)
00:00:04.849213   Serial0IoPortBase   <integer> = 0x0000000000000000 (0)
00:00:04.849214   Serial0Irq          <integer> = 0x0000000000000000 (0)
00:00:04.849214   Serial1IoPortBase   <integer> = 0x0000000000000000 (0)
00:00:04.849215   Serial1Irq          <integer> = 0x0000000000000000 (0)
00:00:04.849215   ShowCpu             <integer> = 0x0000000000000000 (0)
00:00:04.849216   ShowRtc             <integer> = 0x0000000000000000 (0)
00:00:04.849217   SmcEnabled          <integer> = 0x0000000000000000 (0)
00:00:04.849217 
00:00:04.849217 [/Devices/acpi/0/LUN#0/] (level 4)
00:00:04.849218   Driver <string>  = "ACPIHost" (cb=9)
00:00:04.849219 
00:00:04.849219 [/Devices/acpi/0/LUN#0/Config/] (level 5)
00:00:04.849220 
00:00:04.849220 [/Devices/ahci/] (level 2)
00:00:04.849220 
00:00:04.849220 [/Devices/ahci/0/] (level 3)
00:00:04.849221   PCIBusNo      <integer> = 0x0000000000000000 (0)
00:00:04.849222   PCIDeviceNo   <integer> = 0x000000000000000d (13)
00:00:04.849223   PCIFunctionNo <integer> = 0x0000000000000000 (0)
00:00:04.849223   Trusted       <integer> = 0x0000000000000001 (1)
00:00:04.849224 
00:00:04.849224 [/Devices/ahci/0/Config/] (level 4)
00:00:04.849225   Bootable  <integer> = 0x0000000000000001 (1)
00:00:04.849230   PortCount <integer> = 0x0000000000000001 (1)
00:00:04.849230 
00:00:04.849230 [/Devices/ahci/0/Config/Port0/] (level 5)
00:00:04.849231   Hotpluggable <integer> = 0x0000000000000000 (0)
00:00:04.849232 
00:00:04.849232 [/Devices/ahci/0/LUN#0/] (level 4)
00:00:04.849233   Driver <string>  = "VD" (cb=3)
00:00:04.849233 
00:00:04.849234 [/Devices/ahci/0/LUN#0/Config/] (level 5)
00:00:04.849235   BlockCache <integer> = 0x0000000000000001 (1)
00:00:04.849235   Format     <string>  = "VDI" (cb=4)
00:00:04.849236   Mountable  <integer> = 0x0000000000000000 (0)
00:00:04.849236   Path       <string>  = "D:\cours\devops\devops\devops.vdi" (cb=34)
00:00:04.849237   Type       <string>  = "HardDisk" (cb=9)
00:00:04.849237   UseNewIo   <integer> = 0x0000000000000001 (1)
00:00:04.849259 
00:00:04.849260 [/Devices/ahci/0/LUN#999/] (level 4)
00:00:04.849260   Driver <string>  = "MainStatus" (cb=11)
00:00:04.849261 
00:00:04.849261 [/Devices/ahci/0/LUN#999/Config/] (level 5)
00:00:04.849262   DeviceInstance        <string>  = "ahci/0" (cb=7)
00:00:04.849263   First                 <integer> = 0x0000000000000000 (0)
00:00:04.849264   Last                  <integer> = 0x0000000000000000 (0)
00:00:04.849264   pConsole              <integer> = 0x00000000025c5620 (39 605 792)
00:00:04.849265   papLeds               <integer> = 0x00000000025c5a28 (39 606 824)
00:00:04.849266   pmapMediumAttachments <integer> = 0x00000000025c5e48 (39 607 880)
00:00:04.849267 
00:00:04.849268 [/Devices/apic/] (level 2)
00:00:04.849268 
00:00:04.849268 [/Devices/apic/0/] (level 3)
00:00:04.849269   Trusted <integer> = 0x0000000000000001 (1)
00:00:04.849270 
00:00:04.849270 [/Devices/apic/0/Config/] (level 4)
00:00:04.849271   IOAPIC  <integer> = 0x0000000000000000 (0)
00:00:04.849272   Mode    <integer> = 0x0000000000000003 (3)
00:00:04.849272   NumCPUs <integer> = 0x0000000000000001 (1)
00:00:04.849273 
00:00:04.849273 [/Devices/e1000/] (level 2)
00:00:04.849273 
00:00:04.849274 [/Devices/e1000/0/] (level 3)
00:00:04.849274   PCIBusNo      <integer> = 0x0000000000000000 (0)
00:00:04.849275   PCIDeviceNo   <integer> = 0x0000000000000003 (3)
00:00:04.849278   PCIFunctionNo <integer> = 0x0000000000000000 (0)
00:00:04.849278   Trusted       <integer> = 0x0000000000000001 (1)
00:00:04.849279 
00:00:04.849279 [/Devices/e1000/0/Config/] (level 4)
00:00:04.849280   AdapterType    <integer> = 0x0000000000000000 (0)
00:00:04.849280   CableConnected <integer> = 0x0000000000000001 (1)
00:00:04.849281   LineSpeed      <integer> = 0x0000000000000000 (0)
00:00:04.849281   MAC            <bytes>   = "08 00 27 09 26 c4" (cb=6)
00:00:04.849282 
00:00:04.849283 [/Devices/e1000/0/LUN#0/] (level 4)
00:00:04.849283   Driver <string>  = "NAT" (cb=4)
00:00:04.849284 
00:00:04.849284 [/Devices/e1000/0/LUN#0/Config/] (level 5)
00:00:04.849285   AliasMode       <integer> = 0x0000000000000000 (0)
00:00:04.849286   BootFile        <string>  = "devops.pxe" (cb=11)
00:00:04.849286   DNSProxy        <integer> = 0x0000000000000000 (0)
00:00:04.849287   Network         <string>  = "10.0.2.0/24" (cb=12)
00:00:04.849287   PassDomain      <integer> = 0x0000000000000001 (1)
00:00:04.849288   TFTPPrefix      <string>  = "C:\Users\maelb\.VirtualBox\TFTP" (cb=32)
00:00:04.849289   UseHostResolver <integer> = 0x0000000000000000 (0)
00:00:04.849289 
00:00:04.849289 [/Devices/e1000/0/LUN#999/] (level 4)
00:00:04.849290   Driver <string>  = "MainStatus" (cb=11)
00:00:04.849291 
00:00:04.849291 [/Devices/e1000/0/LUN#999/Config/] (level 5)
00:00:04.849292   First   <integer> = 0x0000000000000000 (0)
00:00:04.849292   Last    <integer> = 0x0000000000000000 (0)
00:00:04.849293   papLeds <integer> = 0x00000000025c5d08 (39 607 560)
00:00:04.849293 
00:00:04.849294 [/Devices/i8254/] (level 2)
00:00:04.849295 
00:00:04.849295 [/Devices/i8254/0/] (level 3)
00:00:04.849296 
00:00:04.849296 [/Devices/i8254/0/Config/] (level 4)
00:00:04.849297 
00:00:04.849297 [/Devices/i8259/] (level 2)
00:00:04.849297 
00:00:04.849297 [/Devices/i8259/0/] (level 3)
00:00:04.849298   Trusted <integer> = 0x0000000000000001 (1)
00:00:04.849299 
00:00:04.849299 [/Devices/i8259/0/Config/] (level 4)
00:00:04.849300 
00:00:04.849300 [/Devices/ichac97/] (level 2)
00:00:04.849300 
00:00:04.849301 [/Devices/ichac97/0/] (level 3)
00:00:04.849301   PCIBusNo      <integer> = 0x0000000000000000 (0)
00:00:04.849302   PCIDeviceNo   <integer> = 0x0000000000000005 (5)
00:00:04.849302   PCIFunctionNo <integer> = 0x0000000000000000 (0)
00:00:04.849303   Trusted       <integer> = 0x0000000000000001 (1)
00:00:04.849303 
00:00:04.849304 [/Devices/ichac97/0/AudioConfig/] (level 4)
00:00:04.849304 
00:00:04.849305 [/Devices/ichac97/0/Config/] (level 4)
00:00:04.849305   Codec        <string>  = "AD1980" (cb=7)
00:00:04.849306   DebugEnabled <integer> = 0x0000000000000000 (0)
00:00:04.849307   DebugPathOut <string>  = "" (cb=1)
00:00:04.849307 
00:00:04.849307 [/Devices/ichac97/0/LUN#0/] (level 4)
00:00:04.849308   Driver <string>  = "AUDIO" (cb=6)
00:00:04.849308 
00:00:04.849309 [/Devices/ichac97/0/LUN#0/AttachedDriver/] (level 5)
00:00:04.849309   Driver <string>  = "DSoundAudio" (cb=12)
00:00:04.849310 
00:00:04.849310 [/Devices/ichac97/0/LUN#0/AttachedDriver/Config/] (level 6)
00:00:04.849311   StreamName <string>  = "devops" (cb=7)
00:00:04.849312 
00:00:04.849312 [/Devices/ichac97/0/LUN#0/Config/] (level 5)
00:00:04.849329   BufferSizeMs    <integer> = 0x0000000000000000 (0)
00:00:04.849330   DriverName      <string>  = "DSoundAudio" (cb=12)
00:00:04.849330   InputEnabled    <integer> = 0x0000000000000000 (0)
00:00:04.849331   OutputEnabled   <integer> = 0x0000000000000001 (1)
00:00:04.849331   PeriodSizeMs    <integer> = 0x0000000000000000 (0)
00:00:04.849332   PreBufferSizeMs <integer> = 0x00000000ffffffff (4 294 967 295)
00:00:04.849333 
00:00:04.849333 [/Devices/ichac97/0/LUN#1/] (level 4)
00:00:04.849334   Driver <string>  = "AUDIO" (cb=6)
00:00:04.849334 
00:00:04.849334 [/Devices/ichac97/0/LUN#2/] (level 4)
00:00:04.849335   Driver <string>  = "AUDIO" (cb=6)
00:00:04.849335 
00:00:04.849336 [/Devices/mc146818/] (level 2)
00:00:04.849336 
00:00:04.849336 [/Devices/mc146818/0/] (level 3)
00:00:04.849337 
00:00:04.849337 [/Devices/mc146818/0/Config/] (level 4)
00:00:04.849338   UseUTC <integer> = 0x0000000000000001 (1)
00:00:04.849338 
00:00:04.849339 [/Devices/parallel/] (level 2)
00:00:04.849339 
00:00:04.849340 [/Devices/pcarch/] (level 2)
00:00:04.849340 
00:00:04.849340 [/Devices/pcarch/0/] (level 3)
00:00:04.849341   Trusted <integer> = 0x0000000000000001 (1)
00:00:04.849341 
00:00:04.849342 [/Devices/pcarch/0/Config/] (level 4)
00:00:04.849342 
00:00:04.849342 [/Devices/pcbios/] (level 2)
00:00:04.849343 
00:00:04.849343 [/Devices/pcbios/0/] (level 3)
00:00:04.849344   Trusted <integer> = 0x0000000000000001 (1)
00:00:04.849344 
00:00:04.849345 [/Devices/pcbios/0/Config/] (level 4)
00:00:04.849346   APIC               <integer> = 0x0000000000000001 (1)
00:00:04.849347   BootDevice0        <string>  = "FLOPPY" (cb=7)
00:00:04.849347   BootDevice1        <string>  = "DVD" (cb=4)
00:00:04.849348   BootDevice2        <string>  = "IDE" (cb=4)
00:00:04.849348   BootDevice3        <string>  = "NONE" (cb=5)
00:00:04.849349   FloppyDevice       <string>  = "i82078" (cb=7)
00:00:04.849350   HardDiskDevice     <string>  = "piix3ide" (cb=9)
00:00:04.849350   IOAPIC             <integer> = 0x0000000000000000 (0)
00:00:04.849351   McfgBase           <integer> = 0x0000000000000000 (0)
00:00:04.849351   McfgLength         <integer> = 0x0000000000000000 (0)
00:00:04.849352   NumCPUs            <integer> = 0x0000000000000001 (1)
00:00:04.849352   PXEDebug           <integer> = 0x0000000000000000 (0)
00:00:04.849353   SataHardDiskDevice <string>  = "ahci" (cb=5)
00:00:04.849353   SataLUN1           <integer> = 0x0000000000000000 (0)
00:00:04.849354   UUID               <bytes>   = "85 74 40 ea 50 2e 0b 4b 8c 98 ed 76 f3 38 50 70" (cb=16)
00:00:04.849355 
00:00:04.849356 [/Devices/pcbios/0/Config/NetBoot/] (level 5)
00:00:04.849356 
00:00:04.849357 [/Devices/pcbios/0/Config/NetBoot/0/] (level 6)
00:00:04.849358   NIC           <integer> = 0x0000000000000000 (0)
00:00:04.849358   PCIBusNo      <integer> = 0x0000000000000000 (0)
00:00:04.849359   PCIDeviceNo   <integer> = 0x0000000000000003 (3)
00:00:04.849359   PCIFunctionNo <integer> = 0x0000000000000000 (0)
00:00:04.849360 
00:00:04.849360 [/Devices/pci/] (level 2)
00:00:04.849360 
00:00:04.849361 [/Devices/pci/0/] (level 3)
00:00:04.849361   Trusted <integer> = 0x0000000000000001 (1)
00:00:04.849362 
00:00:04.849362 [/Devices/pci/0/Config/] (level 4)
00:00:04.849363   IOAPIC <integer> = 0x0000000000000000 (0)
00:00:04.849363 
00:00:04.849363 [/Devices/pcibridge/] (level 2)
00:00:04.849364 
00:00:04.849364 [/Devices/pckbd/] (level 2)
00:00:04.849365 
00:00:04.849365 [/Devices/pckbd/0/] (level 3)
00:00:04.849366   Trusted <integer> = 0x0000000000000001 (1)
00:00:04.849366 
00:00:04.849366 [/Devices/pckbd/0/Config/] (level 4)
00:00:04.849367 
00:00:04.849367 [/Devices/pckbd/0/LUN#0/] (level 4)
00:00:04.849368   Driver <string>  = "KeyboardQueue" (cb=14)
00:00:04.849369 
00:00:04.849369 [/Devices/pckbd/0/LUN#0/AttachedDriver/] (level 5)
00:00:04.849370   Driver <string>  = "MainKeyboard" (cb=13)
00:00:04.849370 
00:00:04.849370 [/Devices/pckbd/0/LUN#0/AttachedDriver/Config/] (level 6)
00:00:04.849371   Object <integer> = 0x00000000025e53e0 (39 736 288)
00:00:04.849372 
00:00:04.849372 [/Devices/pckbd/0/LUN#0/Config/] (level 5)
00:00:04.849373   QueueSize <integer> = 0x0000000000000040 (64)
00:00:04.849374 
00:00:04.849374 [/Devices/pckbd/0/LUN#1/] (level 4)
00:00:04.849375   Driver <string>  = "MouseQueue" (cb=11)
00:00:04.849375 
00:00:04.849375 [/Devices/pckbd/0/LUN#1/AttachedDriver/] (level 5)
00:00:04.849376   Driver <string>  = "MainMouse" (cb=10)
00:00:04.849377 
00:00:04.849377 [/Devices/pckbd/0/LUN#1/AttachedDriver/Config/] (level 6)
00:00:04.849378   Object <integer> = 0x00000000024f50b0 (38 752 432)
00:00:04.849379 
00:00:04.849379 [/Devices/pckbd/0/LUN#1/Config/] (level 5)
00:00:04.849380   QueueSize <integer> = 0x0000000000000080 (128)
00:00:04.849380 
00:00:04.849380 [/Devices/pcnet/] (level 2)
00:00:04.849381 
00:00:04.849381 [/Devices/piix3ide/] (level 2)
00:00:04.849382 
00:00:04.849382 [/Devices/piix3ide/0/] (level 3)
00:00:04.849383   PCIBusNo      <integer> = 0x0000000000000000 (0)
00:00:04.849384   PCIDeviceNo   <integer> = 0x0000000000000001 (1)
00:00:04.849384   PCIFunctionNo <integer> = 0x0000000000000001 (1)
00:00:04.849384   Trusted       <integer> = 0x0000000000000001 (1)
00:00:04.849385 
00:00:04.849385 [/Devices/piix3ide/0/Config/] (level 4)
00:00:04.849386   Type <string>  = "PIIX4" (cb=6)
00:00:04.849386 
00:00:04.849387 [/Devices/piix3ide/0/LUN#2/] (level 4)
00:00:04.849387   Driver <string>  = "VD" (cb=3)
00:00:04.849388 
00:00:04.849388 [/Devices/piix3ide/0/LUN#2/Config/] (level 5)
00:00:04.849389   Format    <string>  = "RAW" (cb=4)
00:00:04.849390   Mountable <integer> = 0x0000000000000001 (1)
00:00:04.849390   Path      <string>  = "D:\cours\iso\debian-9.9.0-amd64-netinst.iso" (cb=44)
00:00:04.849391   ReadOnly  <integer> = 0x0000000000000001 (1)
00:00:04.849391   Type      <string>  = "DVD" (cb=4)
00:00:04.849392 
00:00:04.849392 [/Devices/piix3ide/0/LUN#999/] (level 4)
00:00:04.849393   Driver <string>  = "MainStatus" (cb=11)
00:00:04.849393 
00:00:04.849393 [/Devices/piix3ide/0/LUN#999/Config/] (level 5)
00:00:04.849394   DeviceInstance        <string>  = "piix3ide/0" (cb=11)
00:00:04.849395   First                 <integer> = 0x0000000000000000 (0)
00:00:04.849395   Last                  <integer> = 0x0000000000000003 (3)
00:00:04.849396   pConsole              <integer> = 0x00000000025c5620 (39 605 792)
00:00:04.849397   papLeds               <integer> = 0x00000000025c5a08 (39 606 792)
00:00:04.849398   pmapMediumAttachments <integer> = 0x00000000025c5e48 (39 607 880)
00:00:04.849398 
00:00:04.849399 [/Devices/serial/] (level 2)
00:00:04.849399 
00:00:04.849399 [/Devices/usb-ohci/] (level 2)
00:00:04.849400 
00:00:04.849400 [/Devices/usb-ohci/0/] (level 3)
00:00:04.849422   PCIBusNo      <integer> = 0x0000000000000000 (0)
00:00:04.849423   PCIDeviceNo   <integer> = 0x0000000000000006 (6)
00:00:04.849423   PCIFunctionNo <integer> = 0x0000000000000000 (0)
00:00:04.849424   Trusted       <integer> = 0x0000000000000001 (1)
00:00:04.849424 
00:00:04.849424 [/Devices/usb-ohci/0/Config/] (level 4)
00:00:04.849425 
00:00:04.849425 [/Devices/usb-ohci/0/LUN#0/] (level 4)
00:00:04.849426   Driver <string>  = "VUSBRootHub" (cb=12)
00:00:04.849427 
00:00:04.849427 [/Devices/usb-ohci/0/LUN#0/Config/] (level 5)
00:00:04.849428 
00:00:04.849428 [/Devices/usb-ohci/0/LUN#999/] (level 4)
00:00:04.849429   Driver <string>  = "MainStatus" (cb=11)
00:00:04.849429 
00:00:04.849429 [/Devices/usb-ohci/0/LUN#999/Config/] (level 5)
00:00:04.849430   First   <integer> = 0x0000000000000000 (0)
00:00:04.849431   Last    <integer> = 0x0000000000000000 (0)
00:00:04.849431   papLeds <integer> = 0x00000000025c5e30 (39 607 856)
00:00:04.849432 
00:00:04.849432 [/Devices/vga/] (level 2)
00:00:04.849433 
00:00:04.849433 [/Devices/vga/0/] (level 3)
00:00:04.849434   PCIBusNo      <integer> = 0x0000000000000000 (0)
00:00:04.849434   PCIDeviceNo   <integer> = 0x0000000000000002 (2)
00:00:04.849435   PCIFunctionNo <integer> = 0x0000000000000000 (0)
00:00:04.849435   Trusted       <integer> = 0x0000000000000001 (1)
00:00:04.849436 
00:00:04.849436 [/Devices/vga/0/Config/] (level 4)
00:00:04.849439   3DEnabled          <integer> = 0x0000000000000000 (0)
00:00:04.849440   CustomVideoModes   <integer> = 0x0000000000000000 (0)
00:00:04.849440   FadeIn             <integer> = 0x0000000000000001 (1)
00:00:04.849441   FadeOut            <integer> = 0x0000000000000001 (1)
00:00:04.849441   HeightReduction    <integer> = 0x0000000000000000 (0)
00:00:04.849442   LogoFile           <string>  = "" (cb=1)
00:00:04.849443   LogoTime           <integer> = 0x0000000000000000 (0)
00:00:04.849443   MonitorCount       <integer> = 0x0000000000000001 (1)
00:00:04.849444   ShowBootMenu       <integer> = 0x0000000000000002 (2)
00:00:04.849444   VMSVGA3dEnabled    <integer> = 0x0000000000000000 (0)
00:00:04.849445   VMSVGAEnabled      <integer> = 0x0000000000000001 (1)
00:00:04.849445   VMSVGAPciBarLayout <integer> = 0x0000000000000001 (1)
00:00:04.849446   VMSVGAPciId        <integer> = 0x0000000000000001 (1)
00:00:04.849446   VRamSize           <integer> = 0x0000000001000000 (16 777 216, 16 MB)
00:00:04.849447 
00:00:04.849448 [/Devices/vga/0/LUN#0/] (level 4)
00:00:04.849448   Driver <string>  = "MainDisplay" (cb=12)
00:00:04.849449 
00:00:04.849449 [/Devices/vga/0/LUN#0/Config/] (level 5)
00:00:04.849450   Object <integer> = 0x00000000025ee0b0 (39 772 336)
00:00:04.849450 
00:00:04.849451 [/Devices/vga/0/LUN#999/] (level 4)
00:00:04.849452   Driver <string>  = "MainStatus" (cb=11)
00:00:04.849452 
00:00:04.849452 [/Devices/vga/0/LUN#999/Config/] (level 5)
00:00:04.849453   First   <integer> = 0x0000000000000000 (0)
00:00:04.849454   Last    <integer> = 0x0000000000000000 (0)
00:00:04.849454   papLeds <integer> = 0x00000000025c5e40 (39 607 872)
00:00:04.849455 
00:00:04.849455 [/Devices/virtio-net/] (level 2)
00:00:04.849456 
00:00:04.849456 [/EM/] (level 1)
00:00:04.849456   TripleFaultReset <integer> = 0x0000000000000000 (0)
00:00:04.849457 
00:00:04.849474 [/GIM/] (level 1)
00:00:04.849474   Provider <string>  = "KVM" (cb=4)
00:00:04.849475 
00:00:04.849475 [/HM/] (level 1)
00:00:04.849476   64bitEnabled            <integer> = 0x0000000000000000 (0)
00:00:04.849477   EnableLargePages        <integer> = 0x0000000000000001 (1)
00:00:04.849477   EnableNestedPaging      <integer> = 0x0000000000000001 (1)
00:00:04.849478   EnableUX                <integer> = 0x0000000000000001 (1)
00:00:04.849478   EnableVPID              <integer> = 0x0000000000000001 (1)
00:00:04.849479   Exclusive               <integer> = 0x0000000000000000 (0)
00:00:04.849480   HMForced                <integer> = 0x0000000000000000 (0)
00:00:04.849480   IBPBOnVMEntry           <integer> = 0x0000000000000000 (0)
00:00:04.849481   IBPBOnVMExit            <integer> = 0x0000000000000000 (0)
00:00:04.849481   L1DFlushOnSched         <integer> = 0x0000000000000001 (1)
00:00:04.849482   L1DFlushOnVMEntry       <integer> = 0x0000000000000000 (0)
00:00:04.849482   LovelyMesaDrvWorkaround <integer> = 0x0000000000000001 (1)
00:00:04.849483   SpecCtrlByHost          <integer> = 0x0000000000000000 (0)
00:00:04.849483   UseNEMInstead           <integer> = 0x0000000000000000 (0)
00:00:04.849484 
00:00:04.849484 [/MM/] (level 1)
00:00:04.849484   CanUseLargerHeap <integer> = 0x0000000000000000 (0)
00:00:04.849485 
00:00:04.849485 [/NEM/] (level 1)
00:00:04.849486   Allow64BitGuests <integer> = 0x0000000000000000 (0)
00:00:04.849486 
00:00:04.849486 [/PDM/] (level 1)
00:00:04.849487 
00:00:04.849487 [/PDM/AsyncCompletion/] (level 2)
00:00:04.849488 
00:00:04.849488 [/PDM/AsyncCompletion/File/] (level 3)
00:00:04.849489 
00:00:04.849489 [/PDM/AsyncCompletion/File/BwGroups/] (level 4)
00:00:04.849490 
00:00:04.849490 [/PDM/BlkCache/] (level 2)
00:00:04.849491   CacheSize <integer> = 0x0000000000500000 (5 242 880, 5 MB)
00:00:04.849492 
00:00:04.849492 [/PDM/Devices/] (level 2)
00:00:04.849493 
00:00:04.849493 [/PDM/Drivers/] (level 2)
00:00:04.849494 
00:00:04.849494 [/PDM/Drivers/VBoxC/] (level 3)
00:00:04.849495   Path <string>  = "VBoxC" (cb=6)
00:00:04.849495 
00:00:04.849495 [/PDM/NetworkShaper/] (level 2)
00:00:04.849496 
00:00:04.849496 [/PDM/NetworkShaper/BwGroups/] (level 3)
00:00:04.849497 
00:00:04.849497 [/TM/] (level 1)
00:00:04.849498   UTCOffset <integer> = 0x0000000000000000 (0)
00:00:04.849498 
00:00:04.849498 [/USB/] (level 1)
00:00:04.849499 
00:00:04.849499 [/USB/HidMouse/] (level 2)
00:00:04.849500 
00:00:04.849500 [/USB/HidMouse/0/] (level 3)
00:00:04.849500 
00:00:04.849501 [/USB/HidMouse/0/Config/] (level 4)
00:00:04.849501   Mode <string>  = "absolute" (cb=9)
00:00:04.849502 
00:00:04.849502 [/USB/HidMouse/0/LUN#0/] (level 4)
00:00:04.849503   Driver <string>  = "MouseQueue" (cb=11)
00:00:04.849503 
00:00:04.849503 [/USB/HidMouse/0/LUN#0/AttachedDriver/] (level 5)
00:00:04.849504   Driver <string>  = "MainMouse" (cb=10)
00:00:04.849505 
00:00:04.849505 [/USB/HidMouse/0/LUN#0/AttachedDriver/Config/] (level 6)
00:00:04.849506   Object <integer> = 0x00000000024f50b0 (38 752 432)
00:00:04.849507 
00:00:04.849507 [/USB/HidMouse/0/LUN#0/Config/] (level 5)
00:00:04.849508   QueueSize <integer> = 0x0000000000000080 (128)
00:00:04.849508 
00:00:04.849509 [/USB/USBProxy/] (level 2)
00:00:04.849509 
00:00:04.849509 [/USB/USBProxy/GlobalConfig/] (level 3)
00:00:04.849510 
00:00:04.849510 ********************* End of CFGM dump **********************
00:00:04.849531 VM: fHMEnabled=true  (configured) fRecompileUser=false fRecompileSupervisor=false
00:00:04.849532 VM: fRawRing1Enabled=false CSAM=true  PATM=true 
00:00:04.849745 HM: HMR3Init: Attempting fall back to NEM: VT-x is not available
00:00:04.917388 NEM: WHvCapabilityCodeHypervisorPresent is TRUE, so this might work...
00:00:04.917397 NEM: WHvCapabilityCodeExtendedVmExits      = 0x0000000000000007
00:00:04.917402 NEM:                       fExtendedMsrExit: 1
00:00:04.917406 NEM:                     fExtendedCpuIdExit: 1
00:00:04.917410 NEM:                      fExtendedXcptExit: 1
00:00:04.917413 NEM: Warning! Unknown feature definitions: 0x1f
00:00:04.917433 NEM: Supported exception exit bitmap: 0x1
00:00:04.917450 NEM: WHvCapabilityCodeProcessorVendor      = 1 - Intel
00:00:04.917467 NEM: WHvCapabilityCodeProcessorFeatures    = 0x000078cfe7f7859f
00:00:04.917472 NEM:                            Sse3Support: 1
00:00:04.917476 NEM:                        LahfSahfSupport: 1
00:00:04.917479 NEM:                           Ssse3Support: 1
00:00:04.917483 NEM:                          Sse4_1Support: 1
00:00:04.917486 NEM:                          Sse4_2Support: 1
00:00:04.917490 NEM:                           Sse4aSupport: 0
00:00:04.917532 NEM:                             XopSupport: 0
00:00:04.917538 NEM:                          PopCntSupport: 1
00:00:04.917542 NEM:                      Cmpxchg16bSupport: 1
00:00:04.917545 NEM:                       Altmovcr8Support: 0
00:00:04.917552 NEM:                           LzcntSupport: 1
00:00:04.917555 NEM:                     MisAlignSseSupport: 0
00:00:04.917559 NEM:                          MmxExtSupport: 0
00:00:04.917562 NEM:                        Amd3DNowSupport: 0
00:00:04.917566 NEM:                ExtendedAmd3DNowSupport: 0
00:00:04.917569 NEM:                         Page1GbSupport: 1
00:00:04.917572 NEM:                             AesSupport: 1
00:00:04.917576 NEM:                       PclmulqdqSupport: 1
00:00:04.917579 NEM:                            PcidSupport: 1
00:00:04.917583 NEM:                            Fma4Support: 0
00:00:04.917586 NEM:                            F16CSupport: 1
00:00:04.917589 NEM:                          RdRandSupport: 1
00:00:04.917608 NEM:                        RdWrFsGsSupport: 1
00:00:04.917612 NEM:                            SmepSupport: 1
00:00:04.917615 NEM:              EnhancedFastStringSupport: 1
00:00:04.917619 NEM:                            Bmi1Support: 1
00:00:04.917622 NEM:                            Bmi2Support: 1
00:00:04.917625 NEM:                           MovbeSupport: 1
00:00:04.917629 NEM:                          Npiep1Support: 1
00:00:04.917632 NEM:                   DepX87FPUSaveSupport: 1
00:00:04.917635 NEM:                          RdSeedSupport: 1
00:00:04.917639 NEM:                             AdxSupport: 1
00:00:04.917642 NEM:                   IntelPrefetchSupport: 1
00:00:04.917645 NEM:                            SmapSupport: 1
00:00:04.917649 NEM:                             HleSupport: 0
00:00:04.917652 NEM:                             RtmSupport: 0
00:00:04.917656 NEM:                          RdtscpSupport: 1
00:00:04.917659 NEM:                      ClflushoptSupport: 1
00:00:04.917662 NEM:                            ClwbSupport: 0
00:00:04.917666 NEM:                             ShaSupport: 0
00:00:04.917669 NEM:                X87PointersSavedSupport: 0
00:00:04.917673 NEM: Warning! Unknown CPU features: 0x78cfe7f7859f
00:00:04.917693 NEM: WHvCapabilityCodeProcessorClFlushSize = 2^8
00:00:04.918292 NEM: Warning! Unknown capability 0x1003 returning: 3f 38 00 00 00 00 00 00
00:00:04.918995 NEM: VidGetHvPartitionId            -> fun:0x2210a7 in:0x0 out:0x8
00:00:04.919002 NEM: VidStartVirtualProcessor       -> fun:0x22116c in:0x4 out:0x0
00:00:04.919006 NEM: VidStopVirtualProcessor        -> fun:0x221178 in:0x4 out:0x0
00:00:04.919011 NEM: VidMessageSlotHandleAndGetNext -> fun:0x2210d7 in:0x8 out:0x0
00:00:04.919085 NEM: Created partition 0000000001ea9180.
00:00:04.919093 NEM: Adjusting APIC configuration from X2APIC to APIC max mode.  X2APIC is not supported by the WinHvPlatform API!
00:00:04.919096 NEM: Disable Hyper-V if you need X2APIC for your guests!
00:00:04.919163 NEM: NEMR3Init: Active.
00:00:04.919244 MM: cbHyperHeap=0x100000 (1048576)
00:00:04.920657 CPUM: No hardware-virtualization capability detected
00:00:04.922815 CPUM: fXStateHostMask=0x7; initial: 0x7; host XCR0=0x1f
00:00:04.925816 CPUM: Matched host CPU INTEL 0x6/0x9e/0x9 Intel_Core7_KabyLake with CPU DB entry 'Intel Core i7-6700K' (INTEL 0x6/0x5e/0x3 Intel_Core7_Skylake)
00:00:04.925968 CPUM: MXCSR_MASK=0xffff (host: 0xffff)
00:00:04.926004 CPUM: Microcode revision 0x00000084
00:00:04.926091 CPUM: SetGuestCpuIdFeature: Enabled SYSENTER/EXIT
00:00:04.927942 NEM: Successfully set up partition (device handle 0000000000000cb4, partition ID 0x2)
00:00:04.927958 NEM: Memory balance: 0x72 out of 0x18e pages in use
00:00:04.930112 PGM: HCPhysInterPD=000000007eaa0000 HCPhysInterPaePDPT=000000007eaa4000 HCPhysInterPaePML4=000000007e9bf000
00:00:04.930123 PGM: apInterPTs={000000007eaa1000,000000007eaa3000} apInterPaePTs={00000000447c7000,00000000447c8000} apInterPaePDs={00000000447c9000,00000000447ca000,00000000447cb000,00000000447cc000} pInterPaePDPT64=000000007e9e0000
00:00:04.930132 PGM: Host paging mode: AMD64+NX
00:00:04.930165 PGM: PGMPool: cMaxPages=560 (u64MaxPages=545)
00:00:04.930170 PGM: pgmR3PoolInit: cMaxPages=0x230 cMaxUsers=0x460 cMaxPhysExts=0x460 fCacheEnable=true 
00:00:04.943071 TM: GIP - u32Mode=3 (Invariant) u32UpdateHz=93 u32UpdateIntervalNS=10741500 enmUseTscDelta=2 (Practically Zero) fGetGipCpu=0xb cCpus=8
00:00:04.943089 TM: GIP - u64CpuHz=2 808 000 056 (0xa75eae38)  SUPGetCpuHzFromGip => 2 808 000 056
00:00:04.943095 TM: GIP - CPU: iCpuSet=0x0 idCpu=0x0 idApic=0x0 iGipCpu=0x4 i64TSCDelta=0 enmState=3 u64CpuHz=2807999933(*) cErrors=0
00:00:04.943100 TM: GIP - CPU: iCpuSet=0x1 idCpu=0x1 idApic=0x1 iGipCpu=0x3 i64TSCDelta=0 enmState=3 u64CpuHz=2807999527(*) cErrors=0
00:00:04.943104 TM: GIP - CPU: iCpuSet=0x2 idCpu=0x2 idApic=0x2 iGipCpu=0x5 i64TSCDelta=0 enmState=3 u64CpuHz=2807999945(*) cErrors=0
00:00:04.943108 TM: GIP - CPU: iCpuSet=0x3 idCpu=0x3 idApic=0x3 iGipCpu=0x2 i64TSCDelta=0 enmState=3 u64CpuHz=2807994914(*) cErrors=0
00:00:04.943111 TM: GIP - CPU: iCpuSet=0x4 idCpu=0x4 idApic=0x4 iGipCpu=0x0 i64TSCDelta=0 enmState=3 u64CpuHz=2808000056(*) cErrors=0
00:00:04.943115 TM: GIP - CPU: iCpuSet=0x5 idCpu=0x5 idApic=0x5 iGipCpu=0x1 i64TSCDelta=0 enmState=3 u64CpuHz=2807954289(*) cErrors=0
00:00:04.943119 TM: GIP - CPU: iCpuSet=0x6 idCpu=0x6 idApic=0x6 iGipCpu=0x6 i64TSCDelta=0 enmState=3 u64CpuHz=2807999849(*) cErrors=0
00:00:04.943123 TM: GIP - CPU: iCpuSet=0x7 idCpu=0x7 idApic=0x7 iGipCpu=0x7 i64TSCDelta=0 enmState=3 u64CpuHz=2807999836(*) cErrors=0
00:00:04.943156 TM: NEM overrides the /TM/TSCModeSwitchAllowed setting.
00:00:04.943198 TM: cTSCTicksPerSecond=2 808 000 056 (0xa75eae38) enmTSCMode=4 (NativeApi)
00:00:04.943200 TM: TSCTiedToExecution=false TSCNotTiedToHalt=false
00:00:04.944211 VMM: CoreCode: R3=000000000c750000 R0=XXXXXXXXXXXXXXXX RC=a0565000 Phys=000000007e9a6000 cb=0x1000
00:00:04.944637 EMR3Init: fRecompileUser=false fRecompileSupervisor=false fRawRing1Enabled=false fIemExecutesAll=false fGuruOnTripleFault=true 
00:00:04.944876 IEM: TargetCpu=CURRENT, Microarch=Intel_Core7_KabyLake
00:00:04.945147 GIM: Using provider 'KVM' (Implementation version: 0)
00:00:04.945165 CPUM: SetGuestCpuIdFeature: Enabled Hypervisor Present bit
00:00:04.945329 AIOMgr: Default manager type is 'Async'
00:00:04.945334 AIOMgr: Default file backend is 'NonBuffered'
00:00:04.945584 BlkCache: Cache successfully initialized. Cache size is 5242880 bytes
00:00:04.945593 BlkCache: Cache commit interval is 10000 ms
00:00:04.945596 BlkCache: Cache commit threshold is 2621440 bytes
00:00:05.172756 PcBios: [SMP] BIOS with 1 CPUs
00:00:05.172830 PcBios: Using the 386+ BIOS image.
00:00:05.176305 PcBios: fCheckShutdownStatusForSoftReset=true   fClearShutdownStatusOnHardReset=true 
00:00:05.188426 SUP: Loaded VBoxDDR0.r0 (C:\Program Files\Oracle\VirtualBox\VBoxDDR0.r0) at 0xXXXXXXXXXXXXXXXX - ModuleInit at XXXXXXXXXXXXXXXX and ModuleTerm at XXXXXXXXXXXXXXXX using the native ring-0 loader
00:00:05.188439 SUP: windbg> .reload /f C:\Program Files\Oracle\VirtualBox\VBoxDDR0.r0=0xXXXXXXXXXXXXXXXX
00:00:05.188903 CPUM: SetGuestCpuIdFeature: Enabled xAPIC
00:00:05.189341 PIT: mode=3 count=0x10000 (65536) - 18.20 Hz (ch=0)
00:00:05.204379 Shared Folders service loaded
00:00:05.214295 Guest Control service loaded
00:00:05.235228 VGA: Using the 386+ BIOS image.
00:00:05.240423 DrvVD: Flushes will be ignored
00:00:05.240439 DrvVD: Async flushes will be passed to the disk
00:00:05.242402 VD: VDInit finished with VINF_SUCCESS
00:00:05.243185 AIOMgr: Endpoint for file 'D:\cours\devops\devops\devops.vdi' (flags 000c0723) created successfully
00:00:05.309747 VD: Opening the disk took 67588028 ns
00:00:05.309899 AHCI: LUN#0: disk, PCHS=16383/16/63, total number of sectors 16777216
00:00:05.310253 AHCI#0: Reset the HBA
00:00:05.310261 VD#0: Cancelling all active requests
00:00:05.310723 PIIX3 ATA: LUN#0: no unit
00:00:05.310730 PIIX3 ATA: LUN#1: no unit
00:00:05.310774 DrvVD: Flushes will be ignored
00:00:05.310781 DrvVD: Async flushes will be passed to the disk
00:00:05.311183 VD: Opening the disk took 393671 ns
00:00:05.311528 PIIX3 ATA: LUN#2: CD/DVD, total number of sectors 149504, passthrough disabled
00:00:05.311590 PIIX3 ATA: LUN#3: no unit
00:00:05.311664 PIIX3 ATA: Ctl#1: finished processing RESET
00:00:05.311702 PIIX3 ATA: Ctl#0: finished processing RESET
00:00:05.311888 E1000#0: Chip=82540EM LinkUpDelay=3000ms EthernetCRC=on GSO=enabled Itr=disabled ItrRx=enabled TID=disabled R0=enabled GC=enabled
00:00:05.329020 NAT: Guest address guess set to 10.0.2.15 by initialization
00:00:05.353704 NAT: DNS#0: 192.168.254.240
00:00:05.354643 AC97: Using codec 'AD1980'
00:00:05.354753 Audio: Initializing DirectSound audio driver
00:00:05.653975 Audio: Found 4 devices for driver 'DSoundAudio'
00:00:05.653988 Audio: Device 'Périphérique audio principal':
00:00:05.653992 Audio: 	Usage           = Output
00:00:05.653996 Audio: 	Flags           = DEFAULT
00:00:05.654000 Audio: 	Input channels  = 0
00:00:05.654004 Audio: 	Output channels = 2
00:00:05.654008 Audio: Device 'Haut-parleurs (Realtek High Definition Audio)':
00:00:05.654012 Audio: 	Usage           = Output
00:00:05.654016 Audio: 	Flags           = NONE
00:00:05.654019 Audio: 	Input channels  = 0
00:00:05.654023 Audio: 	Output channels = 2
00:00:05.654027 Audio: Device 'Pilote de capture audio principal':
00:00:05.654031 Audio: 	Usage           = Input
00:00:05.654034 Audio: 	Flags           = NONE
00:00:05.654038 Audio: 	Input channels  = 2
00:00:05.654041 Audio: 	Output channels = 0
00:00:05.654045 Audio: Device 'Réseau de microphones (Realtek High Definition Audio)':
00:00:05.654049 Audio: 	Usage           = Input
00:00:05.654052 Audio: 	Flags           = NONE
00:00:05.654055 Audio: 	Input channels  = 2
00:00:05.654059 Audio: 	Output channels = 0
00:00:05.654137 AC97: Reset
00:00:05.655074 VUSB: Attached 'HidMouse' to port 1 on RootHub#0 (FullSpeed)
00:00:05.655174 PGM: The CPU physical address width is 39 bits
00:00:05.655181 PGM: PGMR3InitFinalize: 4 MB PSE mask 0000007fffffffff
00:00:05.655389 TM: TMR3InitFinalize: fTSCModeSwitchAllowed=false
00:00:05.655882 VMM: Thread-context hooks unavailable
00:00:05.655888 VMM: RTThreadPreemptIsPending() can be trusted
00:00:05.655910 VMM: Kernel preemption is possible
00:00:05.655921 EM: Exit history optimizations: enabled=true  enabled-r0=true  enabled-r0-no-preemption=false
00:00:05.655926 VMM: fUsePeriodicPreemptionTimers=false
00:00:05.655944 CPUM: Logical host processors: 8 present, 8 max, 8 online, online mask: 00000000000000ff
00:00:05.655945 CPUM: Physical host cores: 4
00:00:05.655946 ************************* CPUID dump ************************
00:00:05.655973          Raw Standard CPUID Leaves
00:00:05.655973      Leaf/sub-leaf  eax      ebx      ecx      edx
00:00:05.655986 Gst: 00000000/0000  00000016 756e6547 6c65746e 49656e69
00:00:05.655987 Hst:                00000016 756e6547 6c65746e 49656e69
00:00:05.655989 Gst: 00000001/0000  000906e9 00010800 801a0201 178bfbbf
00:00:05.655990 Hst:                000906e9 04100800 fedaf387 bfebfbff
00:00:05.655992 Gst: 00000002/0000  76036301 00f0b5ff 00000000 00c30000
00:00:05.655993 Hst:                76036301 00f0b5ff 00000000 00c30000
00:00:05.655994 Gst: 00000003/0000  00000000 00000000 00000000 00000000
00:00:05.655995 Hst:                00000000 00000000 00000000 00000000
00:00:05.655996 Gst: 00000004/0000  00000121 01c0003f 0000003f 00000000
00:00:05.655997 Hst:                1c004121 01c0003f 0000003f 00000000
00:00:05.655999 Gst: 00000004/0001  00000122 01c0003f 0000003f 00000000
00:00:05.655999 Hst:                1c004122 01c0003f 0000003f 00000000
00:00:05.656001 Gst: 00000004/0002  00000143 00c0003f 000003ff 00000000
00:00:05.656001 Hst:                1c004143 00c0003f 000003ff 00000000
00:00:05.656003 Gst: 00000004/0003  00000163 02c0003f 00001fff 00000002
00:00:05.656003 Hst:                1c03c163 02c0003f 00001fff 00000002
00:00:05.656005 Gst: 00000004/0004  00000000 00000000 00000000 00000000
00:00:05.656005 Hst:                00000000 00000000 00000000 00000000
00:00:05.656006 Gst: 00000005/0000  00000000 00000000 00000000 00000000
00:00:05.656007 Hst:                00000000 00000000 00000000 00000000
00:00:05.656008 Gst: 00000006/0000  00000000 00000000 00000000 00000000
00:00:05.656009 Hst:                000007f3 00000002 00000009 00000000
00:00:05.656010 Gst: 00000007/0000  00000000 00002401 00000000 00000000
00:00:05.656011 Hst:                00000000 009c67af 00000000 2c000000
00:00:05.656012 Gst: 00000007/0001  00000000 00000000 00000000 00000000
00:00:05.656012 Hst:                00000000 00000000 00000000 00000000
00:00:05.656014 Gst: 00000008/0000  00000000 00000000 00000000 00000000
00:00:05.656014 Hst:                00000000 00000000 00000000 00000000
00:00:05.656015 Gst: 00000009/0000  00000000 00000000 00000000 00000000
00:00:05.656016 Hst:                00000000 00000000 00000000 00000000
00:00:05.656017 Gst: 0000000a/0000  00000000 00000000 00000000 00000000
00:00:05.656017 Hst:                07300404 00000000 00000000 00000603
00:00:05.656019 Gst: 0000000b/0000  00000000 00000001 00000100 00000000
00:00:05.656019 Hst:                00000001 00000002 00000100 00000004
00:00:05.656021 Gst: 0000000b/0001  00000001 00000001 00000201 00000000
00:00:05.656021 Hst:                00000004 00000008 00000201 00000004
00:00:05.656022 Gst: 0000000b/0002  00000000 00000000 00000002 00000000
00:00:05.656023 Hst:                00000000 00000000 00000002 00000004
00:00:05.656024 Gst: 0000000c/0000  00000000 00000000 00000000 00000000
00:00:05.656025 Hst:                00000000 00000000 00000000 00000000
00:00:05.656026 Gst: 0000000d/0000  00000000 00000000 00000000 00000000
00:00:05.656026 Hst:                0000001f 00000440 00000440 00000000
00:00:05.656028 Gst: 0000000d/0001  00000000 00000000 00000000 00000000
00:00:05.656028 Hst:                0000000f 000003c0 00000000 00000000
00:00:05.656029 Gst: 0000000d/0002  00000000 00000000 00000000 00000000
00:00:05.656030 Hst:                00000100 00000240 00000000 00000000
00:00:05.656031 Gst: 0000000d/0003  00000000 00000000 00000000 00000000
00:00:05.656032 Hst:                00000040 000003c0 00000000 00000000
00:00:05.656033 Gst: 0000000d/0004  00000000 00000000 00000000 00000000
00:00:05.656033 Hst:                00000040 00000400 00000000 00000000
00:00:05.656035 Gst: 0000000d/0005  00000000 00000000 00000000 00000000
00:00:05.656035 Hst:                00000000 00000000 00000000 00000000
00:00:05.656123 Gst: 0000000e/0000  00000000 00000000 00000000 00000000
00:00:05.656123 Hst:                00000000 00000000 00000000 00000000
00:00:05.656124 Gst: 0000000f/0000  00000000 00000000 00000000 00000000
00:00:05.656125 Hst:                00000000 00000000 00000000 00000000
00:00:05.656126 Gst: 00000010/0000  00000000 00000000 00000000 00000000
00:00:05.656126 Hst:                00000000 00000000 00000000 00000000
00:00:05.656128 Gst: 00000011/0000  00000000 00000000 00000000 00000000
00:00:05.656128 Hst:                00000000 00000000 00000000 00000000
00:00:05.656132 Gst: 00000012/0000  00000000 00000000 00000000 00000000
00:00:05.656132 Hst:                00000001 00000000 00000000 0000241f
00:00:05.656134 Hst: 00000013/0000  00000000 00000000 00000000 00000000
00:00:05.656135 Hst: 00000014/0000  00000000 00000000 00000000 00000000
00:00:05.656136 Hst: 00000015/0000  00000002 000000ea 00000000 00000000
00:00:05.656138 Hst: 00000016/0000  00000000 00000000 00000000 00000000
00:00:05.656149                                Name: GenuineIntel
00:00:05.656150                            Supports: 0x00000000-0x00000016
00:00:05.656162                              Family:  6 	Extended: 0 	Effective: 6
00:00:05.656163                               Model: 14 	Extended: 9 	Effective: 158
00:00:05.656164                            Stepping: 9
00:00:05.656165                                Type: 0 (primary)
00:00:05.656166                             APIC ID: 0x00
00:00:05.656166                        Logical CPUs: 1
00:00:05.656167                        CLFLUSH Size: 8
00:00:05.656167                            Brand ID: 0x00
00:00:05.656169 Features
00:00:05.656169   Mnemonic - Description                                  = guest (host)
00:00:05.656170   FPU - x87 FPU on Chip                                   = 1 (1)
00:00:05.656171   VME - Virtual 8086 Mode Enhancements                    = 1 (1)
00:00:05.656172   DE - Debugging extensions                               = 1 (1)
00:00:05.656172   PSE - Page Size Extension                               = 1 (1)
00:00:05.656173   TSC - Time Stamp Counter                                = 1 (1)
00:00:05.656174   MSR - Model Specific Registers                          = 1 (1)
00:00:05.656175   PAE - Physical Address Extension                        = 0 (1)
00:00:05.656175   MCE - Machine Check Exception                           = 1 (1)
00:00:05.656176   CX8 - CMPXCHG8B instruction                             = 1 (1)
00:00:05.656177   APIC - APIC On-Chip                                     = 1 (1)
00:00:05.656177   SEP - SYSENTER and SYSEXIT Present                      = 1 (1)
00:00:05.656178   MTRR - Memory Type Range Registers                      = 1 (1)
00:00:05.656179   PGE - PTE Global Bit                                    = 1 (1)
00:00:05.656179   MCA - Machine Check Architecture                        = 1 (1)
00:00:05.656180   CMOV - Conditional Move instructions                    = 1 (1)
00:00:05.656192   PAT - Page Attribute Table                              = 1 (1)
00:00:05.656193   PSE-36 - 36-bit Page Size Extension                     = 1 (1)
00:00:05.656193   PSN - Processor Serial Number                           = 0 (0)
00:00:05.656194   CLFSH - CLFLUSH instruction                             = 1 (1)
00:00:05.656195   DS - Debug Store                                        = 0 (1)
00:00:05.656195   ACPI - Thermal Mon. & Soft. Clock Ctrl.                 = 0 (1)
00:00:05.656196   MMX - Intel MMX Technology                              = 1 (1)
00:00:05.656197   FXSR - FXSAVE and FXRSTOR instructions                  = 1 (1)
00:00:05.656197   SSE - SSE support                                       = 1 (1)
00:00:05.656198   SSE2 - SSE2 support                                     = 1 (1)
00:00:05.656199   SS - Self Snoop                                         = 0 (1)
00:00:05.656200   HTT - Hyper-Threading Technology                        = 1 (1)
00:00:05.656200   TM - Therm. Monitor                                     = 0 (1)
00:00:05.656201   PBE - Pending Break Enabled                             = 0 (1)
00:00:05.656202   SSE3 - SSE3 support                                     = 1 (1)
00:00:05.656202   PCLMUL - PCLMULQDQ support (for AES-GCM)                = 0 (1)
00:00:05.656203   DTES64 - DS Area 64-bit Layout                          = 0 (1)
00:00:05.656204   MONITOR - MONITOR/MWAIT instructions                    = 0 (0)
00:00:05.656204   CPL-DS - CPL Qualified Debug Store                      = 0 (0)
00:00:05.656205   VMX - Virtual Machine Extensions                        = 0 (0)
00:00:05.656206   SMX - Safer Mode Extensions                             = 0 (0)
00:00:05.656206   EST - Enhanced SpeedStep Technology                     = 0 (1)
00:00:05.656207   TM2 - Terminal Monitor 2                                = 0 (1)
00:00:05.656208   SSSE3 - Supplemental Streaming SIMD Extensions 3        = 1 (1)
00:00:05.656208   CNTX-ID - L1 Context ID                                 = 0 (0)
00:00:05.656209   SDBG - Silicon Debug interface                          = 0 (0)
00:00:05.656210   FMA - Fused Multiply Add extensions                     = 0 (1)
00:00:05.656210   CX16 - CMPXCHG16B instruction                           = 0 (1)
00:00:05.656211   TPRUPDATE - xTPR Update Control                         = 0 (1)
00:00:05.656212   PDCM - Perf/Debug Capability MSR                        = 0 (1)
00:00:05.656212   PCID - Process Context Identifiers                      = 1 (1)
00:00:05.656213   DCA - Direct Cache Access                               = 0 (0)
00:00:05.656214   SSE4_1 - SSE4_1 support                                 = 1 (1)
00:00:05.656214   SSE4_2 - SSE4_2 support                                 = 1 (1)
00:00:05.656215   X2APIC - x2APIC support                                 = 0 (0)
00:00:05.656216   MOVBE - MOVBE instruction                               = 0 (1)
00:00:05.656216   POPCNT - POPCNT instruction                             = 0 (1)
00:00:05.656217   TSCDEADL - Time Stamp Counter Deadline                  = 0 (0)
00:00:05.656218   AES - AES instructions                                  = 0 (1)
00:00:05.656218   XSAVE - XSAVE instruction                               = 0 (1)
00:00:05.656219   OSXSAVE - OSXSAVE instruction                           = 0 (1)
00:00:05.656220   AVX - AVX support                                       = 0 (1)
00:00:05.656220   F16C - 16-bit floating point conversion instructions    = 0 (1)
00:00:05.656221   RDRAND - RDRAND instruction                             = 0 (1)
00:00:05.656222   HVP - Hypervisor Present (we're a guest)                = 1 (1)
00:00:05.656222 Structured Extended Feature Flags Enumeration (leaf 7):
00:00:05.656224   Mnemonic - Description                                  = guest (host)
00:00:05.656224   FSGSBASE - RDFSBASE/RDGSBASE/WRFSBASE/WRGSBASE instr.   = 1 (1)
00:00:05.656225   TSCADJUST - Supports MSR_IA32_TSC_ADJUST                = 0 (1)
00:00:05.656225   SGX - Supports Software Guard Extensions                = 0 (1)
00:00:05.656226   BMI1 - Advanced Bit Manipulation extension 1            = 0 (1)
00:00:05.656227   HLE - Hardware Lock Elision                             = 0 (0)
00:00:05.656227   AVX2 - Advanced Vector Extensions 2                     = 0 (1)
00:00:05.656228   FDP_EXCPTN_ONLY - FPU DP only updated on exceptions     = 0 (0)
00:00:05.656228   SMEP - Supervisor Mode Execution Prevention             = 0 (1)
00:00:05.656229   BMI2 - Advanced Bit Manipulation extension 2            = 0 (1)
00:00:05.656230   ERMS - Enhanced REP MOVSB/STOSB instructions            = 0 (1)
00:00:05.656230   INVPCID - INVPCID instruction                           = 1 (1)
00:00:05.656231   RTM - Restricted Transactional Memory                   = 0 (0)
00:00:05.656232   PQM - Platform Quality of Service Monitoring            = 0 (0)
00:00:05.656232   DEPFPU_CS_DS - Deprecates FPU CS, FPU DS values if set  = 1 (1)
00:00:05.656233   MPE - Intel Memory Protection Extensions                = 0 (1)
00:00:05.656233   PQE - Platform Quality of Service Enforcement           = 0 (0)
00:00:05.656234   AVX512F - AVX512 Foundation instructions                = 0 (0)
00:00:05.656235   RDSEED - RDSEED instruction                             = 0 (1)
00:00:05.656235   ADX - ADCX/ADOX instructions                            = 0 (1)
00:00:05.656236   SMAP - Supervisor Mode Access Prevention                = 0 (1)
00:00:05.656237   CLFLUSHOPT - CLFLUSHOPT (Cache Line Flush) instruction  = 0 (1)
00:00:05.656237   INTEL_PT - Intel Processor Trace                        = 0 (0)
00:00:05.656238   AVX512PF - AVX512 Prefetch instructions                 = 0 (0)
00:00:05.656238   AVX512ER - AVX512 Exponential & Reciprocal instructions = 0 (0)
00:00:05.656239   AVX512CD - AVX512 Conflict Detection instructions       = 0 (0)
00:00:05.656240   SHA - Secure Hash Algorithm extensions                  = 0 (0)
00:00:05.656240   PREFETCHWT1 - PREFETCHWT1 instruction                   = 0 (0)
00:00:05.656241   UMIP - User mode insturction prevention                 = 0 (0)
00:00:05.656241   PKU - Protection Key for Usermode pages                 = 0 (0)
00:00:05.656242   OSPKE - CR4.PKU mirror                                  = 0 (0)
00:00:05.656255   MAWAU - Value used by BNDLDX & BNDSTX                   = 0x0 (0x0)
00:00:05.656256   RDPID - Read processor ID support                       = 0 (0)
00:00:05.656256   SGX_LC - Supports SGX Launch Configuration              = 0 (0)
00:00:05.656257   IBRS_IBPB - IA32_SPEC_CTRL.IBRS and IA32_PRED_CMD.IBPB  = 0 (1)
00:00:05.656258   STIBP - Supports IA32_SPEC_CTRL.STIBP                   = 0 (1)
00:00:05.656258   FLUSH_CMD - Supports IA32_FLUSH_CMD                     = 0 (0)
00:00:05.656259   ARCHCAP - Supports IA32_ARCH_CAP                        = 0 (1)
00:00:05.656261 Processor Extended State Enumeration (leaf 0xd):
00:00:05.656262    XSAVE area cur/max size by XCR0, guest: 0x0/0x0
00:00:05.656263     XSAVE area cur/max size by XCR0, host: 0x440/0x440
00:00:05.656263                    Valid XCR0 bits, guest: 0x00000000`00000000
00:00:05.656264                     Valid XCR0 bits, host: 0x00000000`0000001f ( x87 SSE YMM_Hi128 BNDREGS BNDCSR )
00:00:05.656267                     XSAVE features, guest:
00:00:05.656267                      XSAVE features, host: XSAVEOPT XSAVEC XGETBC1 XSAVES
00:00:05.656268       XSAVE area cur size XCR0|XSS, guest: 0x0
00:00:05.656269        XSAVE area cur size XCR0|XSS, host: 0x3c0
00:00:05.656269                Valid IA32_XSS bits, guest: 0x00000000`00000000
00:00:05.656270                 Valid IA32_XSS bits, host: 0x00000000`00000000
00:00:05.656271   State #2, host:  off=0x0240, cb=0x0100 IA32_XSS-bit -- YMM_Hi128
00:00:05.656273   State #3, host:  off=0x03c0, cb=0x0040 IA32_XSS-bit -- BNDREGS
00:00:05.656275   State #4, host:  off=0x0400, cb=0x0040 IA32_XSS-bit -- BNDCSR
00:00:05.656318          Unknown CPUID Leaves
00:00:05.656318      Leaf/sub-leaf  eax      ebx      ecx      edx
00:00:05.656321 Gst: 00000012/0001  00000000 00000000 00000000 00000000
00:00:05.656321 Hst:                00000036 00000000 0000001f 00000000
00:00:05.656324 Gst: 00000012/0002  00000000 00000000 00000000 00000000
00:00:05.656324 Hst:                80200001 00000000 05d80001 00000000
00:00:05.656326 Gst: 00000012/0003  00000000 00000000 00000000 00000000
00:00:05.656327 Hst:                00000000 00000000 00000000 00000000
00:00:05.656328 Gst: 00000013/0000  00000000 00000000 00000000 00000000
00:00:05.656329 Hst:                00000000 00000000 00000000 00000000
00:00:05.656330 Gst: 00000014/0000  00000000 00000000 00000000 00000000
00:00:05.656331 Hst:                00000000 00000000 00000000 00000000
00:00:05.656332 Gst: 00000015/0000  00000000 00000000 00000000 00000000
00:00:05.656332 Hst:                00000002 000000ea 00000000 00000000
00:00:05.656333 Gst: 00000016/0000  00000000 00000000 00000000 00000000
00:00:05.656334 Hst:                00000000 00000000 00000000 00000000
00:00:05.656335          Raw Hypervisor CPUID Leaves
00:00:05.656336      Leaf/sub-leaf  eax      ebx      ecx      edx
00:00:05.656337 Gst: 40000000/0000  40000001 4b4d564b 564b4d56 0000004d
00:00:05.656337 Hst:                4000000a 7263694d 666f736f 76482074
00:00:05.656339 Gst: 40000001/0000  01000089 00000000 00000000 00000000
00:00:05.656340 Hst:                31237648 00000000 00000000 00000000
00:00:05.656341          Raw Extended CPUID Leaves
00:00:05.656341      Leaf/sub-leaf  eax      ebx      ecx      edx
00:00:05.656342 Gst: 80000000/0000  80000008 00000000 00000000 00000000
00:00:05.656343 Hst:                80000008 00000000 00000000 00000000
00:00:05.656344 Gst: 80000001/0000  00000000 00000000 00000001 08000000
00:00:05.656345 Hst:                00000000 00000000 00000121 2c100800
00:00:05.656346 Gst: 80000002/0000  65746e49 2952286c 726f4320 4d542865
00:00:05.656347 Hst:                65746e49 2952286c 726f4320 4d542865
00:00:05.656348 Gst: 80000003/0000  37692029 3037372d 20514830 20555043
00:00:05.656349 Hst:                37692029 3037372d 20514830 20555043
00:00:05.656351 Gst: 80000004/0000  2e322040 48473038 0000007a 00000000
00:00:05.656351 Hst:                2e322040 48473038 0000007a 00000000
00:00:05.656353 Gst: 80000005/0000  00000000 00000000 00000000 00000000
00:00:05.656353 Hst:                00000000 00000000 00000000 00000000
00:00:05.656354 Gst: 80000006/0000  00000000 00000000 01006040 00000000
00:00:05.656355 Hst:                00000000 00000000 01006040 00000000
00:00:05.656357 Gst: 80000007/0000  00000000 00000000 00000000 00000100
00:00:05.656357 Hst:                00000000 00000000 00000000 00000100
00:00:05.656359 Gst: 80000008/0000  00003027 00000000 00000000 00000000
00:00:05.656359 Hst:                00003027 00000000 00000000 00000000
00:00:05.656360 Ext Name:                        
00:00:05.656360 Ext Supports:                    0x80000000-0x80000008
00:00:05.656361 Family:                          0  	Extended: 0 	Effective: 0
00:00:05.656361 Model:                           0  	Extended: 0 	Effective: 0
00:00:05.656362 Stepping:                        0
00:00:05.656362 Brand ID:                        0x000
00:00:05.656363 Ext Features
00:00:05.656364   Mnemonic - Description                                  = guest (host)
00:00:05.656364   FPU - x87 FPU on Chip                                   = 0 (0)
00:00:05.656365   VME - Virtual 8086 Mode Enhancements                    = 0 (0)
00:00:05.656365   DE - Debugging extensions                               = 0 (0)
00:00:05.656366   PSE - Page Size Extension                               = 0 (0)
00:00:05.656367   TSC - Time Stamp Counter                                = 0 (0)
00:00:05.656367   MSR - K86 Model Specific Registers                      = 0 (0)
00:00:05.656368   PAE - Physical Address Extension                        = 0 (0)
00:00:05.656369   MCE - Machine Check Exception                           = 0 (0)
00:00:05.656369   CX8 - CMPXCHG8B instruction                             = 0 (0)
00:00:05.656370   APIC - APIC On-Chip                                     = 0 (0)
00:00:05.656371   SEP - SYSCALL/SYSRET                                    = 0 (1)
00:00:05.656372   MTRR - Memory Type Range Registers                      = 0 (0)
00:00:05.656372   PGE - PTE Global Bit                                    = 0 (0)
00:00:05.656373   MCA - Machine Check Architecture                        = 0 (0)
00:00:05.656374   CMOV - Conditional Move instructions                    = 0 (0)
00:00:05.656374   PAT - Page Attribute Table                              = 0 (0)
00:00:05.656375   PSE-36 - 36-bit Page Size Extension                     = 0 (0)
00:00:05.656375   NX - No-Execute/Execute-Disable                         = 0 (1)
00:00:05.656376   AXMMX - AMD Extensions to MMX instructions              = 0 (0)
00:00:05.656377   MMX - Intel MMX Technology                              = 0 (0)
00:00:05.656377   FXSR - FXSAVE and FXRSTOR Instructions                  = 0 (0)
00:00:05.656378   FFXSR - AMD fast FXSAVE and FXRSTOR instructions        = 0 (0)
00:00:05.656379   Page1GB - 1 GB large page                               = 0 (1)
00:00:05.656379   RDTSCP - RDTSCP instruction                             = 1 (1)
00:00:05.656380   LM - AMD64 Long Mode                                    = 0 (1)
00:00:05.656381   3DNOWEXT - AMD Extensions to 3DNow                      = 0 (0)
00:00:05.656381   3DNOW - AMD 3DNow                                       = 0 (0)
00:00:05.656382   LahfSahf - LAHF/SAHF support in 64-bit mode             = 1 (1)
00:00:05.656383   CmpLegacy - Core multi-processing legacy mode           = 0 (0)
00:00:05.656383   SVM - AMD Secure Virtual Machine extensions             = 0 (0)
00:00:05.656384   EXTAPIC - AMD Extended APIC registers                   = 0 (0)
00:00:05.656385   CR8L - AMD LOCK MOV CR0 means MOV CR8                   = 0 (0)
00:00:05.656385   ABM - AMD Advanced Bit Manipulation                     = 0 (1)
00:00:05.656386   SSE4A - SSE4A instructions                              = 0 (0)
00:00:05.656386   MISALIGNSSE - AMD Misaligned SSE mode                   = 0 (0)
00:00:05.656387   3DNOWPRF - AMD PREFETCH and PREFETCHW instructions      = 0 (1)
00:00:05.656388   OSVW - AMD OS Visible Workaround                        = 0 (0)
00:00:05.656388   IBS - Instruct Based Sampling                           = 0 (0)
00:00:05.656389   XOP - Extended Operation support                        = 0 (0)
00:00:05.656390   SKINIT - SKINIT, STGI, and DEV support                  = 0 (0)
00:00:05.656390   WDT - AMD Watchdog Timer support                        = 0 (0)
00:00:05.656391   LWP - Lightweight Profiling support                     = 0 (0)
00:00:05.656392   FMA4 - Four operand FMA instruction support             = 0 (0)
00:00:05.656392   NodeId - NodeId in MSR C001_100C                        = 0 (0)
00:00:05.656393   TBM - Trailing Bit Manipulation instructions            = 0 (0)
00:00:05.656393   TOPOEXT - Topology Extensions                           = 0 (0)
00:00:05.656394   PRFEXTCORE - Performance Counter Extensions support     = 0 (0)
00:00:05.656395   PRFEXTNB - NB Performance Counter Extensions support    = 0 (0)
00:00:05.656395   DATABPEXT - Data-access Breakpoint Extension            = 0 (0)
00:00:05.656396   PERFTSC - Performance Time Stamp Counter                = 0 (0)
00:00:05.656397 Full Name:                       "Intel(R) Core(TM) i7-7700HQ CPU @ 2.80GHz"
00:00:05.656397 TLB 2/4M Instr/Uni:              res0     0 entries
00:00:05.656398 TLB 2/4M Data:                   res0     0 entries
00:00:05.656398 TLB 4K Instr/Uni:                res0     0 entries
00:00:05.656399 TLB 4K Data:                     res0     0 entries
00:00:05.656399 L1 Instr Cache Line Size:        0 bytes
00:00:05.656400 L1 Instr Cache Lines Per Tag:    0
00:00:05.656400 L1 Instr Cache Associativity:    res0  
00:00:05.656400 L1 Instr Cache Size:             0 KB
00:00:05.656400 L1 Data Cache Line Size:         0 bytes
00:00:05.656401 L1 Data Cache Lines Per Tag:     0
00:00:05.656401 L1 Data Cache Associativity:     res0  
00:00:05.656401 L1 Data Cache Size:              0 KB
00:00:05.656402 L2 TLB 2/4M Instr/Uni:           off       0 entries
00:00:05.656402 L2 TLB 2/4M Data:                off       0 entries
00:00:05.656402 L2 TLB 4K Instr/Uni:             off       0 entries
00:00:05.656403 L2 TLB 4K Data:                  off       0 entries
00:00:05.656403 L2 Cache Line Size:              0 bytes
00:00:05.656404 L2 Cache Lines Per Tag:          0
00:00:05.656404 L2 Cache Associativity:          off   
00:00:05.656404 L2 Cache Size:                   0 KB
00:00:05.656405   TS - Temperature Sensor                                 = 0 (0)
00:00:05.656406   FID - Frequency ID control                              = 0 (0)
00:00:05.656407   VID - Voltage ID control                                = 0 (0)
00:00:05.656407   TscInvariant - Invariant Time Stamp Counter             = 1 (1)
00:00:05.656408   CBP - Core Performance Boost                            = 0 (0)
00:00:05.656409   EffFreqRO - Read-only Effective Frequency Interface     = 0 (0)
00:00:05.656409   ProcFdbkIf - Processor Feedback Interface               = 0 (0)
00:00:05.656410   ProcPwrRep - Core power reporting interface support     = 0 (0)
00:00:05.656411 Physical Address Width:          39 bits
00:00:05.656412 Virtual Address Width:           48 bits
00:00:05.656412 Guest Physical Address Width:    0 bits
00:00:05.656412 Physical Core Count:             1
00:00:05.656414 
00:00:05.656414 ******************** End of CPUID dump **********************
00:00:05.656486 PcBios: SATA LUN#0 LCHS=1024/255/63
00:00:05.656552 APIC: fPostedIntrsEnabled=false fVirtApicRegsEnabled=false fSupportsTscDeadline=false
00:00:05.656560 TMR3UtcNow: nsNow=1 557 741 521 506 575 100 nsPrev=0 -> cNsDelta=1 557 741 521 506 575 100 (offLag=0 offVirtualSync=0 offVirtualSyncGivenUp=0, NowAgain=1 557 741 521 506 575 100)
00:00:05.656569 VMEmt: Halt method global1 (5)
00:00:05.656588 VMEmt: HaltedGlobal1 config: cNsSpinBlockThresholdCfg=50000
00:00:05.656593 Changing the VM state from 'CREATING' to 'CREATED'
00:00:05.657978 Changing the VM state from 'CREATED' to 'POWERING_ON'
00:00:05.658022 AIOMgr: Endpoints without assigned bandwidth groups:
00:00:05.658027 AIOMgr:     D:\cours\devops\devops\devops.vdi
00:00:05.658444 Changing the VM state from 'POWERING_ON' to 'RUNNING'
00:00:05.658457 Console: Machine state changed to 'Running'
00:00:05.665104 VMMDev: Guest Log: BIOS: VirtualBox 6.0.6
00:00:05.665502 PCI: Setting up resources and interrupts
00:00:05.679844 ERROR [COM]: aRC=VBOX_E_VM_ERROR (0x80bb0003) aIID={ab4164db-c13e-4dab-842d-61ee3f0c1e87} aComponent={DisplayWrap} aText={Could not take a screenshot (VERR_NOT_SUPPORTED)}, preserve=false aResultDetail=-37
00:00:05.679908 PIT: mode=2 count=0x10000 (65536) - 18.20 Hz (ch=0)
00:00:05.702337 Display::i_handleDisplayResize: uScreenId=0 pvVRAM=0000000000000000 w=720 h=400 bpp=0 cbLine=0x0 flags=0x0 origin=0,0
00:00:05.722986 VMMDev: Guest Log: CPUID EDX: 0x178bfbbf
00:00:05.724017 PIIX3 ATA: Ctl#1: RESET, DevSel=0 AIOIf=0 CmdIf0=0x00 (-1 usec ago) CmdIf1=0x00 (-1 usec ago)
00:00:05.724174 PIIX3 ATA: Ctl#1: finished processing RESET
00:00:05.755953 AHCI#0: Reset the HBA
00:00:05.755969 VD#0: Cancelling all active requests
00:00:05.756524 AHCI#0: Port 0 reset
00:00:05.756626 VD#0: Cancelling all active requests
00:00:05.759354 VMMDev: Guest Log: BIOS: AHCI 0-P#0: PCHS=16383/16/63 LCHS=1024/255/63 0x0000000001000000 sectors
00:00:05.768800 PIT: mode=2 count=0x48d3 (18643) - 64.00 Hz (ch=0)
00:00:05.785785 Display::i_handleDisplayResize: uScreenId=0 pvVRAM=000000000d500000 w=640 h=480 bpp=32 cbLine=0xA00 flags=0x0 origin=0,0
00:00:06.160312 GUI: UIMachineViewNormal::resendSizeHint: Restoring guest size-hint for screen 0 to 800x600
00:00:06.160345 VMMDev: SetVideoModeHint: Got a video mode hint (800x600x32)@(0x0),(1;0) at 0
00:00:06.166908 GUI: 2D video acceleration is disabled
00:00:06.166926 GUI: HID LEDs sync is enabled
00:00:06.177902 GUI: UIMachineLogicNormal::sltCheckForRequestedVisualStateType: Requested-state=0, Machine-state=5
00:00:08.256337 Display::i_handleDisplayResize: uScreenId=0 pvVRAM=0000000000000000 w=720 h=400 bpp=0 cbLine=0x0 flags=0x0 origin=0,0
00:00:08.266644 PIT: mode=2 count=0x10000 (65536) - 18.20 Hz (ch=0)
00:00:08.267929 VMMDev: Guest Log: BIOS: Boot : bseqnr=1, bootseq=0231
00:00:08.268864 VMMDev: Guest Log: BIOS: Boot from Floppy 0 failed
00:00:08.270396 VMMDev: Guest Log: BIOS: Boot : bseqnr=2, bootseq=0023
00:00:08.310538 VMMDev: Guest Log: BIOS: Booting from CD-ROM...
00:00:08.536944 Display::i_handleDisplayResize: uScreenId=0 pvVRAM=000000000d500000 w=640 h=480 bpp=24 cbLine=0x780 flags=0x0 origin=0,0
